# JRE version: OpenJDK Runtime Environment Temurin-21.0.9+10 (21.0.9+10) (build 21.0.9+10-LTS)
# Java VM: OpenJDK 64-Bit Server VM Temurin-21.0.9+10 (21.0.9+10-LTS, mixed mode, sharing, tiered, compressed oops, compressed class ptrs, parallel gc, windows-amd64)
GC Precious Log:
 CardTable entry size: 512
 CPUs: 12 total, 12 available
 Memory: 15741M
 Large Page Support: Disabled
 NUMA Support: Disabled
 Compressed Oops: Enabled (32-bit)
 Alignments: Space 512K, Generation 512K, Heap 2M
 Heap Min Capacity: 100M
 Heap Initial Capacity: 100M
 Heap Max Capacity: 2G
 Pre-touch: Disabled
 Parallel Workers: 10
Heap:
 PSYoungGen      total 19456K, used 2032K [0x00000000d5580000, 0x00000000d6a00000, 0x0000000100000000)
  eden space 17920K, 10% used [0x00000000d5580000,0x00000000d57540e8,0x00000000d6700000)
  from space 1536K, 10% used [0x00000000d6780000,0x00000000d67a8000,0x00000000d6900000)
  to   space 512K, 0% used [0x00000000d6980000,0x00000000d6980000,0x00000000d6a00000)
 ParOldGen       total 71680K, used 57922K [0x0000000080000000, 0x0000000084600000, 0x00000000d5580000)
  object space 71680K, 80% used [0x0000000080000000,0x00000000838909e8,0x0000000084600000)
 Metaspace       used 60160K, committed 61568K, reserved 1114112K
  class space    used 6431K, committed 7040K, reserved 1048576K
GC Heap History (20 events):
Event: 570.067 GC heap before
{Heap before GC invocations=55 (full 2):
 PSYoungGen      total 20992K, used 20974K [0x00000000d5580000, 0x00000000d7000000, 0x0000000100000000)
  eden space 19456K, 100% used [0x00000000d5580000,0x00000000d6880000,0x00000000d6880000)
  from space 1536K, 98% used [0x00000000d6b80000,0x00000000d6cfbb80,0x00000000d6d00000)
  to   space 3072K, 0% used [0x00000000d6880000,0x00000000d6880000,0x00000000d6b80000)
 ParOldGen       total 68608K, used 65591K [0x0000000080000000, 0x0000000084300000, 0x00000000d5580000)
  object space 68608K, 95% used [0x0000000080000000,0x000000008400dfa8,0x0000000084300000)
 Metaspace       used 58289K, committed 59776K, reserved 1114112K
  class space    used 6280K, committed 6912K, reserved 1048576K
}
Event: 570.068 GC heap after
{Heap after GC invocations=55 (full 2):
 PSYoungGen      total 20480K, used 576K [0x00000000d5580000, 0x00000000d6c00000, 0x0000000100000000)
  eden space 19456K, 0% used [0x00000000d5580000,0x00000000d5580000,0x00000000d6880000)
  from space 1024K, 56% used [0x00000000d6880000,0x00000000d6910000,0x00000000d6980000)
  to   space 1536K, 0% used [0x00000000d6a80000,0x00000000d6a80000,0x00000000d6c00000)
 ParOldGen       total 68608K, used 67075K [0x0000000080000000, 0x0000000084300000, 0x00000000d5580000)
  object space 68608K, 97% used [0x0000000080000000,0x0000000084180cf8,0x0000000084300000)
 Metaspace       used 58289K, committed 59776K, reserved 1114112K
  class space    used 6280K, committed 6912K, reserved 1048576K
}
Event: 570.102 GC heap before
{Heap before GC invocations=56 (full 2):
 PSYoungGen      total 20480K, used 20032K [0x00000000d5580000, 0x00000000d6c00000, 0x0000000100000000)
  eden space 19456K, 100% used [0x00000000d5580000,0x00000000d6880000,0x00000000d6880000)
  from space 1024K, 56% used [0x00000000d6880000,0x00000000d6910000,0x00000000d6980000)
  to   space 1536K, 0% used [0x00000000d6a80000,0x00000000d6a80000,0x00000000d6c00000)
 ParOldGen       total 68608K, used 67075K [0x0000000080000000, 0x0000000084300000, 0x00000000d5580000)
  object space 68608K, 97% used [0x0000000080000000,0x0000000084180cf8,0x0000000084300000)
 Metaspace       used 58293K, committed 59776K, reserved 1114112K
  class space    used 6280K, committed 6912K, reserved 1048576K
}
Event: 570.102 GC heap after
{Heap after GC invocations=56 (full 2):
 PSYoungGen      total 20992K, used 1129K [0x00000000d5580000, 0x00000000d6c00000, 0x0000000100000000)
  eden space 19456K, 0% used [0x00000000d5580000,0x00000000d5580000,0x00000000d6880000)
  from space 1536K, 73% used [0x00000000d6a80000,0x00000000d6b9a4f0,0x00000000d6c00000)
  to   space 1536K, 0% used [0x00000000d6900000,0x00000000d6900000,0x00000000d6a80000)
 ParOldGen       total 68608K, used 67451K [0x0000000080000000, 0x0000000084300000, 0x00000000d5580000)
  object space 68608K, 98% used [0x0000000080000000,0x00000000841decf8,0x0000000084300000)
 Metaspace       used 58293K, committed 59776K, reserved 1114112K
  class space    used 6280K, committed 6912K, reserved 1048576K
}
Event: 570.141 GC heap before
{Heap before GC invocations=57 (full 2):
 PSYoungGen      total 20992K, used 20585K [0x00000000d5580000, 0x00000000d6c00000, 0x0000000100000000)
  eden space 19456K, 100% used [0x00000000d5580000,0x00000000d6880000,0x00000000d6880000)
  from space 1536K, 73% used [0x00000000d6a80000,0x00000000d6b9a4f0,0x00000000d6c00000)
  to   space 1536K, 0% used [0x00000000d6900000,0x00000000d6900000,0x00000000d6a80000)
 ParOldGen       total 68608K, used 67451K [0x0000000080000000, 0x0000000084300000, 0x00000000d5580000)
  object space 68608K, 98% used [0x0000000080000000,0x00000000841decf8,0x0000000084300000)
 Metaspace       used 58304K, committed 59776K, reserved 1114112K
  class space    used 6280K, committed 6912K, reserved 1048576K
}
Event: 570.142 GC heap after
{Heap after GC invocations=57 (full 2):
 PSYoungGen      total 20480K, used 1004K [0x00000000d5580000, 0x00000000d6b80000, 0x0000000100000000)
  eden space 19456K, 0% used [0x00000000d5580000,0x00000000d5580000,0x00000000d6880000)
  from space 1024K, 98% used [0x00000000d6900000,0x00000000d69fb370,0x00000000d6a00000)
  to   space 1536K, 0% used [0x00000000d6a00000,0x00000000d6a00000,0x00000000d6b80000)
 ParOldGen       total 68608K, used 68474K [0x0000000080000000, 0x0000000084300000, 0x00000000d5580000)
  object space 68608K, 99% used [0x0000000080000000,0x00000000842debe8,0x0000000084300000)
 Metaspace       used 58304K, committed 59776K, reserved 1114112K
  class space    used 6280K, committed 6912K, reserved 1048576K
}
Event: 570.178 GC heap before
{Heap before GC invocations=58 (full 2):
 PSYoungGen      total 20480K, used 20460K [0x00000000d5580000, 0x00000000d6b80000, 0x0000000100000000)
  eden space 19456K, 100% used [0x00000000d5580000,0x00000000d6880000,0x00000000d6880000)
  from space 1024K, 98% used [0x00000000d6900000,0x00000000d69fb370,0x00000000d6a00000)
  to   space 1536K, 0% used [0x00000000d6a00000,0x00000000d6a00000,0x00000000d6b80000)
 ParOldGen       total 68608K, used 68474K [0x0000000080000000, 0x0000000084300000, 0x00000000d5580000)
  object space 68608K, 99% used [0x0000000080000000,0x00000000842debe8,0x0000000084300000)
 Metaspace       used 58313K, committed 59776K, reserved 1114112K
  class space    used 6280K, committed 6912K, reserved 1048576K
}
Event: 570.179 GC heap after
{Heap after GC invocations=58 (full 2):
 PSYoungGen      total 20992K, used 1174K [0x00000000d5580000, 0x00000000d6b80000, 0x0000000100000000)
  eden space 19456K, 0% used [0x00000000d5580000,0x00000000d5580000,0x00000000d6880000)
  from space 1536K, 76% used [0x00000000d6a00000,0x00000000d6b25978,0x00000000d6b80000)
  to   space 1536K, 0% used [0x00000000d6880000,0x00000000d6880000,0x00000000d6a00000)
 ParOldGen       total 69632K, used 69348K [0x0000000080000000, 0x0000000084400000, 0x00000000d5580000)
  object space 69632K, 99% used [0x0000000080000000,0x00000000843b9308,0x0000000084400000)
 Metaspace       used 58313K, committed 59776K, reserved 1114112K
  class space    used 6280K, committed 6912K, reserved 1048576K
}
Event: 570.221 GC heap before
{Heap before GC invocations=59 (full 2):
 PSYoungGen      total 20992K, used 20630K [0x00000000d5580000, 0x00000000d6b80000, 0x0000000100000000)
  eden space 19456K, 100% used [0x00000000d5580000,0x00000000d6880000,0x00000000d6880000)
  from space 1536K, 76% used [0x00000000d6a00000,0x00000000d6b25978,0x00000000d6b80000)
  to   space 1536K, 0% used [0x00000000d6880000,0x00000000d6880000,0x00000000d6a00000)
 ParOldGen       total 69632K, used 69348K [0x0000000080000000, 0x0000000084400000, 0x00000000d5580000)
  object space 69632K, 99% used [0x0000000080000000,0x00000000843b9308,0x0000000084400000)
 Metaspace       used 58315K, committed 59776K, reserved 1114112K
  class space    used 6280K, committed 6912K, reserved 1048576K
}
Event: 570.222 GC heap after
{Heap after GC invocations=59 (full 2):
 PSYoungGen      total 20992K, used 1180K [0x00000000d5580000, 0x00000000d6b80000, 0x0000000100000000)
  eden space 19456K, 0% used [0x00000000d5580000,0x00000000d5580000,0x00000000d6880000)
  from space 1536K, 76% used [0x00000000d6880000,0x00000000d69a7368,0x00000000d6a00000)
  to   space 1536K, 0% used [0x00000000d6a00000,0x00000000d6a00000,0x00000000d6b80000)
 ParOldGen       total 70656K, used 70359K [0x0000000080000000, 0x0000000084500000, 0x00000000d5580000)
  object space 70656K, 99% used [0x0000000080000000,0x00000000844b5c18,0x0000000084500000)
 Metaspace       used 58315K, committed 59776K, reserved 1114112K
  class space    used 6280K, committed 6912K, reserved 1048576K
}
Event: 570.256 GC heap before
{Heap before GC invocations=60 (full 2):
 PSYoungGen      total 20992K, used 17505K [0x00000000d5580000, 0x00000000d6b80000, 0x0000000100000000)
  eden space 19456K, 83% used [0x00000000d5580000,0x00000000d6571390,0x00000000d6880000)
  from space 1536K, 76% used [0x00000000d6880000,0x00000000d69a7368,0x00000000d6a00000)
  to   space 1536K, 0% used [0x00000000d6a00000,0x00000000d6a00000,0x00000000d6b80000)
 ParOldGen       total 70656K, used 70359K [0x0000000080000000, 0x0000000084500000, 0x00000000d5580000)
  object space 70656K, 99% used [0x0000000080000000,0x00000000844b5c18,0x0000000084500000)
 Metaspace       used 58349K, committed 59776K, reserved 1114112K
  class space    used 6282K, committed 6912K, reserved 1048576K
}
Event: 570.258 GC heap after
{Heap after GC invocations=60 (full 2):
 PSYoungGen      total 19456K, used 1511K [0x00000000d5580000, 0x00000000d6e80000, 0x0000000100000000)
  eden space 17920K, 0% used [0x00000000d5580000,0x00000000d5580000,0x00000000d6700000)
  from space 1536K, 98% used [0x00000000d6a00000,0x00000000d6b79c38,0x00000000d6b80000)
  to   space 3072K, 0% used [0x00000000d6700000,0x00000000d6700000,0x00000000d6a00000)
 ParOldGen       total 71680K, used 71461K [0x0000000080000000, 0x0000000084600000, 0x00000000d5580000)
  object space 71680K, 99% used [0x0000000080000000,0x00000000845c9768,0x0000000084600000)
 Metaspace       used 58349K, committed 59776K, reserved 1114112K
  class space    used 6282K, committed 6912K, reserved 1048576K
}
Event: 570.258 GC heap before
{Heap before GC invocations=61 (full 3):
 PSYoungGen      total 19456K, used 1511K [0x00000000d5580000, 0x00000000d6e80000, 0x0000000100000000)
  eden space 17920K, 0% used [0x00000000d5580000,0x00000000d5580000,0x00000000d6700000)
  from space 1536K, 98% used [0x00000000d6a00000,0x00000000d6b79c38,0x00000000d6b80000)
  to   space 3072K, 0% used [0x00000000d6700000,0x00000000d6700000,0x00000000d6a00000)
 ParOldGen       total 71680K, used 71461K [0x0000000080000000, 0x0000000084600000, 0x00000000d5580000)
  object space 71680K, 99% used [0x0000000080000000,0x00000000845c9768,0x0000000084600000)
 Metaspace       used 58349K, committed 59776K, reserved 1114112K
  class space    used 6282K, committed 6912K, reserved 1048576K
}
Event: 570.351 GC heap after
{Heap after GC invocations=61 (full 3):
 PSYoungGen      total 19456K, used 0K [0x00000000d5580000, 0x00000000d6e80000, 0x0000000100000000)
  eden space 17920K, 0% used [0x00000000d5580000,0x00000000d5580000,0x00000000d6700000)
  from space 1536K, 0% used [0x00000000d6a00000,0x00000000d6a00000,0x00000000d6b80000)
  to   space 3072K, 0% used [0x00000000d6700000,0x00000000d6700000,0x00000000d6a00000)
 ParOldGen       total 71680K, used 56422K [0x0000000080000000, 0x0000000084600000, 0x00000000d5580000)
  object space 71680K, 78% used [0x0000000080000000,0x0000000083719b68,0x0000000084600000)
 Metaspace       used 58344K, committed 59776K, reserved 1114112K
  class space    used 6280K, committed 6912K, reserved 1048576K
}
Event: 570.497 GC heap before
{Heap before GC invocations=62 (full 3):
 PSYoungGen      total 19456K, used 17920K [0x00000000d5580000, 0x00000000d6e80000, 0x0000000100000000)
  eden space 17920K, 100% used [0x00000000d5580000,0x00000000d6700000,0x00000000d6700000)
  from space 1536K, 0% used [0x00000000d6a00000,0x00000000d6a00000,0x00000000d6b80000)
  to   space 3072K, 0% used [0x00000000d6700000,0x00000000d6700000,0x00000000d6a00000)
 ParOldGen       total 71680K, used 56422K [0x0000000080000000, 0x0000000084600000, 0x00000000d5580000)
  object space 71680K, 78% used [0x0000000080000000,0x0000000083719b68,0x0000000084600000)
 Metaspace       used 59245K, committed 60672K, reserved 1114112K
  class space    used 6367K, committed 6976K, reserved 1048576K
}
Event: 570.498 GC heap after
{Heap after GC invocations=62 (full 3):
 PSYoungGen      total 19968K, used 1776K [0x00000000d5580000, 0x00000000d6c00000, 0x0000000100000000)
  eden space 17920K, 0% used [0x00000000d5580000,0x00000000d5580000,0x00000000d6700000)
  from space 2048K, 86% used [0x00000000d6700000,0x00000000d68bc010,0x00000000d6900000)
  to   space 2560K, 0% used [0x00000000d6980000,0x00000000d6980000,0x00000000d6c00000)
 ParOldGen       total 71680K, used 56430K [0x0000000080000000, 0x0000000084600000, 0x00000000d5580000)
  object space 71680K, 78% used [0x0000000080000000,0x000000008371bb68,0x0000000084600000)
 Metaspace       used 59245K, committed 60672K, reserved 1114112K
  class space    used 6367K, committed 6976K, reserved 1048576K
}
Event: 937.149 GC heap before
{Heap before GC invocations=63 (full 3):
 PSYoungGen      total 19968K, used 19696K [0x00000000d5580000, 0x00000000d6c00000, 0x0000000100000000)
  eden space 17920K, 100% used [0x00000000d5580000,0x00000000d6700000,0x00000000d6700000)
  from space 2048K, 86% used [0x00000000d6700000,0x00000000d68bc010,0x00000000d6900000)
  to   space 2560K, 0% used [0x00000000d6980000,0x00000000d6980000,0x00000000d6c00000)
 ParOldGen       total 71680K, used 56430K [0x0000000080000000, 0x0000000084600000, 0x00000000d5580000)
  object space 71680K, 78% used [0x0000000080000000,0x000000008371bb68,0x0000000084600000)
 Metaspace       used 60103K, committed 61504K, reserved 1114112K
  class space    used 6431K, committed 7040K, reserved 1048576K
}
Event: 937.151 GC heap after
{Heap after GC invocations=63 (full 3):
 PSYoungGen      total 18944K, used 867K [0x00000000d5580000, 0x00000000d6a80000, 0x0000000100000000)
  eden space 17920K, 0% used [0x00000000d5580000,0x00000000d5580000,0x00000000d6700000)
  from space 1024K, 84% used [0x00000000d6980000,0x00000000d6a58e70,0x00000000d6a80000)
  to   space 1536K, 0% used [0x00000000d6780000,0x00000000d6780000,0x00000000d6900000)
 ParOldGen       total 71680K, used 57214K [0x0000000080000000, 0x0000000084600000, 0x00000000d5580000)
  object space 71680K, 79% used [0x0000000080000000,0x00000000837dfb78,0x0000000084600000)
 Metaspace       used 60103K, committed 61504K, reserved 1114112K
  class space    used 6431K, committed 7040K, reserved 1048576K
}
Event: 1090.115 GC heap before
{Heap before GC invocations=64 (full 3):
 PSYoungGen      total 18944K, used 18787K [0x00000000d5580000, 0x00000000d6a80000, 0x0000000100000000)
  eden space 17920K, 100% used [0x00000000d5580000,0x00000000d6700000,0x00000000d6700000)
  from space 1024K, 84% used [0x00000000d6980000,0x00000000d6a58e70,0x00000000d6a80000)
  to   space 1536K, 0% used [0x00000000d6780000,0x00000000d6780000,0x00000000d6900000)
 ParOldGen       total 71680K, used 57214K [0x0000000080000000, 0x0000000084600000, 0x00000000d5580000)
  object space 71680K, 79% used [0x0000000080000000,0x00000000837dfb78,0x0000000084600000)
 Metaspace       used 60124K, committed 61568K, reserved 1114112K
  class space    used 6431K, committed 7040K, reserved 1048576K
}
Event: 1090.116 GC heap after
{Heap after GC invocations=64 (full 3):
 PSYoungGen      total 19456K, used 160K [0x00000000d5580000, 0x00000000d6a00000, 0x0000000100000000)
  eden space 17920K, 0% used [0x00000000d5580000,0x00000000d5580000,0x00000000d6700000)
  from space 1536K, 10% used [0x00000000d6780000,0x00000000d67a8000,0x00000000d6900000)
  to   space 512K, 0% used [0x00000000d6980000,0x00000000d6980000,0x00000000d6a00000)
 ParOldGen       total 71680K, used 57922K [0x0000000080000000, 0x0000000084600000, 0x00000000d5580000)
  object space 71680K, 80% used [0x0000000080000000,0x00000000838909e8,0x0000000084600000)
 Metaspace       used 60124K, committed 61568K, reserved 1114112K
  class space    used 6431K, committed 7040K, reserved 1048576K
}

